2025-08-25 02:43:56 [[31merror[39m]: [31muncaughtException: connectDB is not a function[39m
[31mTypeError: connectDB is not a function[39m
[31m    at Object.<anonymous> (/home/harshank/repos/monkey-type/backend/src/server.js:33:1)[39m
[31m    at Module._compile (node:internal/modules/cjs/loader:1356:14)[39m
[31m    at Module._extensions..js (node:internal/modules/cjs/loader:1414:10)[39m
[31m    at Module.load (node:internal/modules/cjs/loader:1197:32)[39m
[31m    at Module._load (node:internal/modules/cjs/loader:1013:12)[39m
[31m    at Function.executeUserEntryPoint [as runMain] (node:internal/modules/run_main:128:12)[39m
[31m    at node:internal/main/run_main_module:28:49[39m {
  "error": {},
  "stack": "TypeError: connectDB is not a function\n    at Object.<anonymous> (/home/harshank/repos/monkey-type/backend/src/server.js:33:1)\n    at Module._compile (node:internal/modules/cjs/loader:1356:14)\n    at Module._extensions..js (node:internal/modules/cjs/loader:1414:10)\n    at Module.load (node:internal/modules/cjs/loader:1197:32)\n    at Module._load (node:internal/modules/cjs/loader:1013:12)\n    at Function.executeUserEntryPoint [as runMain] (node:internal/modules/run_main:128:12)\n    at node:internal/main/run_main_module:28:49",
  "exception": true,
  "date": "Mon Aug 25 2025 02:43:56 GMT+0530 (India Standard Time)",
  "process": {
    "pid": 416901,
    "uid": 1000,
    "gid": 1000,
    "cwd": "/home/harshank/repos/monkey-type/backend",
    "execPath": "/home/harshank/.nvm/versions/node/v18.19.1/bin/node",
    "version": "v18.19.1",
    "argv": [
      "/home/harshank/.nvm/versions/node/v18.19.1/bin/node",
      "/home/harshank/repos/monkey-type/backend/src/server.js"
    ],
    "memoryUsage": {
      "rss": 104865792,
      "heapTotal": 61337600,
      "heapUsed": 38186040,
      "external": 19689039,
      "arrayBuffers": 18574410
    }
  },
  "os": {
    "loadavg": [
      0.31,
      0.51,
      0.71
    ],
    "uptime": 126753.7
  },
  "trace": [
    {
      "column": 1,
      "file": "/home/harshank/repos/monkey-type/backend/src/server.js",
      "function": null,
      "line": 33,
      "method": null,
      "native": false
    },
    {
      "column": 14,
      "file": "node:internal/modules/cjs/loader",
      "function": "Module._compile",
      "line": 1356,
      "method": "_compile",
      "native": false
    },
    {
      "column": 10,
      "file": "node:internal/modules/cjs/loader",
      "function": "Module._extensions..js",
      "line": 1414,
      "method": ".js",
      "native": false
    },
    {
      "column": 32,
      "file": "node:internal/modules/cjs/loader",
      "function": "Module.load",
      "line": 1197,
      "method": "load",
      "native": false
    },
    {
      "column": 12,
      "file": "node:internal/modules/cjs/loader",
      "function": "Module._load",
      "line": 1013,
      "method": "_load",
      "native": false
    },
    {
      "column": 12,
      "file": "node:internal/modules/run_main",
      "function": "Function.executeUserEntryPoint [as runMain]",
      "line": 128,
      "method": "executeUserEntryPoint [as runMain]",
      "native": false
    },
    {
      "column": 49,
      "file": "node:internal/main/run_main_module",
      "function": null,
      "line": 28,
      "method": null,
      "native": false
    }
  ]
}
2025-09-03 01:53:38 [[31merror[39m]: [31muncaughtException: write EPIPE[39m
[31mError: write EPIPE[39m
[31m    at afterWriteDispatched (node:internal/stream_base_commons:160:15)[39m
[31m    at writeGeneric (node:internal/stream_base_commons:151:3)[39m
[31m    at Socket._writeGeneric (node:net:962:11)[39m
[31m    at Socket._write (node:net:974:8)[39m
[31m    at writeOrBuffer (node:internal/streams/writable:392:12)[39m
[31m    at _write (node:internal/streams/writable:333:10)[39m
[31m    at Writable.write (node:internal/streams/writable:337:10)[39m
[31m    at Console.log (/home/harshank/repos/monkey-type/backend/node_modules/winston/lib/winston/transports/console.js:87:23)[39m
[31m    at Console._write (/home/harshank/repos/monkey-type/backend/node_modules/winston-transport/modern.js:82:19)[39m
[31m    at doWrite (/home/harshank/repos/monkey-type/backend/node_modules/winston-transport/node_modules/readable-stream/lib/_stream_writable.js:390:139)[39m {
  "error": {
    "errno": -32,
    "code": "EPIPE",
    "syscall": "write"
  },
  "stack": "Error: write EPIPE\n    at afterWriteDispatched (node:internal/stream_base_commons:160:15)\n    at writeGeneric (node:internal/stream_base_commons:151:3)\n    at Socket._writeGeneric (node:net:962:11)\n    at Socket._write (node:net:974:8)\n    at writeOrBuffer (node:internal/streams/writable:392:12)\n    at _write (node:internal/streams/writable:333:10)\n    at Writable.write (node:internal/streams/writable:337:10)\n    at Console.log (/home/harshank/repos/monkey-type/backend/node_modules/winston/lib/winston/transports/console.js:87:23)\n    at Console._write (/home/harshank/repos/monkey-type/backend/node_modules/winston-transport/modern.js:82:19)\n    at doWrite (/home/harshank/repos/monkey-type/backend/node_modules/winston-transport/node_modules/readable-stream/lib/_stream_writable.js:390:139)",
  "exception": true,
  "date": "Wed Sep 03 2025 01:53:38 GMT+0530 (India Standard Time)",
  "process": {
    "pid": 117685,
    "uid": 1000,
    "gid": 1000,
    "cwd": "/home/harshank/repos/monkey-type/backend",
    "execPath": "/home/harshank/.nvm/versions/node/v18.19.1/bin/node",
    "version": "v18.19.1",
    "argv": [
      "/home/harshank/.nvm/versions/node/v18.19.1/bin/node",
      "/home/harshank/repos/monkey-type/backend/src/server.js"
    ],
    "memoryUsage": {
      "rss": 86749184,
      "heapTotal": 34861056,
      "heapUsed": 32215472,
      "external": 19654706,
      "arrayBuffers": 18432580
    }
  },
  "os": {
    "loadavg": [
      0.6,
      0.59,
      0.54
    ],
    "uptime": 93872.58
  },
  "trace": [
    {
      "column": 15,
      "file": "node:internal/stream_base_commons",
      "function": "afterWriteDispatched",
      "line": 160,
      "method": null,
      "native": false
    },
    {
      "column": 3,
      "file": "node:internal/stream_base_commons",
      "function": "writeGeneric",
      "line": 151,
      "method": null,
      "native": false
    },
    {
      "column": 11,
      "file": "node:net",
      "function": "Socket._writeGeneric",
      "line": 962,
      "method": "_writeGeneric",
      "native": false
    },
    {
      "column": 8,
      "file": "node:net",
      "function": "Socket._write",
      "line": 974,
      "method": "_write",
      "native": false
    },
    {
      "column": 12,
      "file": "node:internal/streams/writable",
      "function": "writeOrBuffer",
      "line": 392,
      "method": null,
      "native": false
    },
    {
      "column": 10,
      "file": "node:internal/streams/writable",
      "function": "_write",
      "line": 333,
      "method": null,
      "native": false
    },
    {
      "column": 10,
      "file": "node:internal/streams/writable",
      "function": "Writable.write",
      "line": 337,
      "method": "write",
      "native": false
    },
    {
      "column": 23,
      "file": "/home/harshank/repos/monkey-type/backend/node_modules/winston/lib/winston/transports/console.js",
      "function": "Console.log",
      "line": 87,
      "method": "log",
      "native": false
    },
    {
      "column": 19,
      "file": "/home/harshank/repos/monkey-type/backend/node_modules/winston-transport/modern.js",
      "function": "Console._write",
      "line": 82,
      "method": "_write",
      "native": false
    },
    {
      "column": 139,
      "file": "/home/harshank/repos/monkey-type/backend/node_modules/winston-transport/node_modules/readable-stream/lib/_stream_writable.js",
      "function": "doWrite",
      "line": 390,
      "method": null,
      "native": false
    }
  ]
}
2025-09-03 01:53:38 [ERROR]: Error: write EPIPE
    at afterWriteDispatched (node:internal/stream_base_commons:160:15)
    at writeGeneric (node:internal/stream_base_commons:151:3)
    at Socket._writeGeneric (node:net:962:11)
    at Socket._write (node:net:974:8)
    at writeOrBuffer (node:internal/streams/writable:392:12)
    at _write (node:internal/streams/writable:333:10)
    at Writable.write (node:internal/streams/writable:337:10)
    at Console.log (/home/harshank/repos/monkey-type/backend/node_modules/winston/lib/winston/transports/console.js:87:23)
    at Console._write (/home/harshank/repos/monkey-type/backend/node_modules/winston-transport/modern.js:82:19)
    at doWrite (/home/harshank/repos/monkey-type/backend/node_modules/winston-transport/node_modules/readable-stream/lib/_stream_writable.js:390:139)
2025-09-14 19:33:44 [ERROR]: Error: You are not logged in! Please log in to get access.
    at /home/harshank/repos/monkey-type/backend/src/middleware/auth.js:71:17
    at /home/harshank/repos/monkey-type/backend/src/middleware/error.js:130:21
    at Layer.handle [as handle_request] (/home/harshank/repos/monkey-type/backend/node_modules/express/lib/router/layer.js:95:5)
    at trim_prefix (/home/harshank/repos/monkey-type/backend/node_modules/express/lib/router/index.js:328:13)
    at /home/harshank/repos/monkey-type/backend/node_modules/express/lib/router/index.js:286:9
    at Function.process_params (/home/harshank/repos/monkey-type/backend/node_modules/express/lib/router/index.js:346:12)
    at next (/home/harshank/repos/monkey-type/backend/node_modules/express/lib/router/index.js:280:10)
    at Function.handle (/home/harshank/repos/monkey-type/backend/node_modules/express/lib/router/index.js:175:3)
    at router (/home/harshank/repos/monkey-type/backend/node_modules/express/lib/router/index.js:47:12)
    at Layer.handle [as handle_request] (/home/harshank/repos/monkey-type/backend/node_modules/express/lib/router/layer.js:95:5)
2025-09-14 19:33:56 [ERROR]: SyntaxError: Unexpected token ! in JSON at position 83
    at JSON.parse (<anonymous>)
    at parse (/home/harshank/repos/monkey-type/backend/node_modules/body-parser/lib/types/json.js:92:19)
    at /home/harshank/repos/monkey-type/backend/node_modules/body-parser/lib/read.js:128:18
    at AsyncResource.runInAsyncScope (node:async_hooks:203:9)
    at invokeCallback (/home/harshank/repos/monkey-type/backend/node_modules/raw-body/index.js:238:16)
    at done (/home/harshank/repos/monkey-type/backend/node_modules/raw-body/index.js:227:7)
    at IncomingMessage.onEnd (/home/harshank/repos/monkey-type/backend/node_modules/raw-body/index.js:287:7)
    at IncomingMessage.emit (node:events:517:28)
    at endReadableNT (node:internal/streams/readable:1400:12)
    at process.processTicksAndRejections (node:internal/process/task_queues:82:21)
2025-09-14 19:34:05 [ERROR]: Error: Validation failed
    at handleValidationErrors (/home/harshank/repos/monkey-type/backend/src/middleware/validation.js:10:17)
    at Layer.handle [as handle_request] (/home/harshank/repos/monkey-type/backend/node_modules/express/lib/router/layer.js:95:5)
    at next (/home/harshank/repos/monkey-type/backend/node_modules/express/lib/router/route.js:149:13)
    at middleware (/home/harshank/repos/monkey-type/backend/node_modules/express-validator/lib/middlewares/check.js:16:13)
    at process.processTicksAndRejections (node:internal/process/task_queues:95:5)
2025-09-14 19:47:31 [ERROR]: Error: Validation failed
    at handleValidationErrors (/home/harshank/repos/monkey-type/backend/src/middleware/validation.js:10:17)
    at Layer.handle [as handle_request] (/home/harshank/repos/monkey-type/backend/node_modules/express/lib/router/layer.js:95:5)
    at next (/home/harshank/repos/monkey-type/backend/node_modules/express/lib/router/route.js:149:13)
    at middleware (/home/harshank/repos/monkey-type/backend/node_modules/express-validator/lib/middlewares/check.js:16:13)
    at process.processTicksAndRejections (node:internal/process/task_queues:95:5)
2025-09-14 20:18:56 [ERROR]: TypeError: Cannot read properties of undefined (reading '_id')
    at /home/harshank/repos/monkey-type/backend/src/routes/tests.js:130:39
    at process.processTicksAndRejections (node:internal/process/task_queues:95:5)
2025-09-15 11:03:36 [ERROR]: Error: Validation failed
    at handleValidationErrors (/home/harshank/repos/monkey-type/backend/src/middleware/validation.js:10:17)
    at Layer.handle [as handle_request] (/home/harshank/repos/monkey-type/backend/node_modules/express/lib/router/layer.js:95:5)
    at next (/home/harshank/repos/monkey-type/backend/node_modules/express/lib/router/route.js:149:13)
    at middleware (/home/harshank/repos/monkey-type/backend/node_modules/express-validator/lib/middlewares/check.js:16:13)
    at process.processTicksAndRejections (node:internal/process/task_queues:95:5)
2025-09-15 20:10:47 [[31merror[39m]: [31muncaughtException: write EPIPE[39m
[31mError: write EPIPE[39m
[31m    at afterWriteDispatched (node:internal/stream_base_commons:160:15)[39m
[31m    at writeGeneric (node:internal/stream_base_commons:151:3)[39m
[31m    at Socket._writeGeneric (node:net:962:11)[39m
[31m    at Socket._write (node:net:974:8)[39m
[31m    at writeOrBuffer (node:internal/streams/writable:392:12)[39m
[31m    at _write (node:internal/streams/writable:333:10)[39m
[31m    at Writable.write (node:internal/streams/writable:337:10)[39m
[31m    at Console.log (/home/harshank/repos/monkey-type/backend/node_modules/winston/lib/winston/transports/console.js:87:23)[39m
[31m    at Console._write (/home/harshank/repos/monkey-type/backend/node_modules/winston-transport/modern.js:82:19)[39m
[31m    at doWrite (/home/harshank/repos/monkey-type/backend/node_modules/winston-transport/node_modules/readable-stream/lib/_stream_writable.js:390:139)[39m {
  "error": {
    "errno": -32,
    "code": "EPIPE",
    "syscall": "write"
  },
  "stack": "Error: write EPIPE\n    at afterWriteDispatched (node:internal/stream_base_commons:160:15)\n    at writeGeneric (node:internal/stream_base_commons:151:3)\n    at Socket._writeGeneric (node:net:962:11)\n    at Socket._write (node:net:974:8)\n    at writeOrBuffer (node:internal/streams/writable:392:12)\n    at _write (node:internal/streams/writable:333:10)\n    at Writable.write (node:internal/streams/writable:337:10)\n    at Console.log (/home/harshank/repos/monkey-type/backend/node_modules/winston/lib/winston/transports/console.js:87:23)\n    at Console._write (/home/harshank/repos/monkey-type/backend/node_modules/winston-transport/modern.js:82:19)\n    at doWrite (/home/harshank/repos/monkey-type/backend/node_modules/winston-transport/node_modules/readable-stream/lib/_stream_writable.js:390:139)",
  "exception": true,
  "date": "Mon Sep 15 2025 20:10:47 GMT+0530 (India Standard Time)",
  "process": {
    "pid": 51737,
    "uid": 1000,
    "gid": 1000,
    "cwd": "/home/harshank/repos/monkey-type/backend",
    "execPath": "/home/harshank/.nvm/versions/node/v18.19.1/bin/node",
    "version": "v18.19.1",
    "argv": [
      "/home/harshank/.nvm/versions/node/v18.19.1/bin/node",
      "/home/harshank/repos/monkey-type/backend/src/server.js"
    ],
    "memoryUsage": {
      "rss": 100818944,
      "heapTotal": 41676800,
      "heapUsed": 37484888,
      "external": 20240985,
      "arrayBuffers": 18996684
    }
  },
  "os": {
    "loadavg": [
      1.17,
      1.02,
      0.87
    ],
    "uptime": 89454.29
  },
  "trace": [
    {
      "column": 15,
      "file": "node:internal/stream_base_commons",
      "function": "afterWriteDispatched",
      "line": 160,
      "method": null,
      "native": false
    },
    {
      "column": 3,
      "file": "node:internal/stream_base_commons",
      "function": "writeGeneric",
      "line": 151,
      "method": null,
      "native": false
    },
    {
      "column": 11,
      "file": "node:net",
      "function": "Socket._writeGeneric",
      "line": 962,
      "method": "_writeGeneric",
      "native": false
    },
    {
      "column": 8,
      "file": "node:net",
      "function": "Socket._write",
      "line": 974,
      "method": "_write",
      "native": false
    },
    {
      "column": 12,
      "file": "node:internal/streams/writable",
      "function": "writeOrBuffer",
      "line": 392,
      "method": null,
      "native": false
    },
    {
      "column": 10,
      "file": "node:internal/streams/writable",
      "function": "_write",
      "line": 333,
      "method": null,
      "native": false
    },
    {
      "column": 10,
      "file": "node:internal/streams/writable",
      "function": "Writable.write",
      "line": 337,
      "method": "write",
      "native": false
    },
    {
      "column": 23,
      "file": "/home/harshank/repos/monkey-type/backend/node_modules/winston/lib/winston/transports/console.js",
      "function": "Console.log",
      "line": 87,
      "method": "log",
      "native": false
    },
    {
      "column": 19,
      "file": "/home/harshank/repos/monkey-type/backend/node_modules/winston-transport/modern.js",
      "function": "Console._write",
      "line": 82,
      "method": "_write",
      "native": false
    },
    {
      "column": 139,
      "file": "/home/harshank/repos/monkey-type/backend/node_modules/winston-transport/node_modules/readable-stream/lib/_stream_writable.js",
      "function": "doWrite",
      "line": 390,
      "method": null,
      "native": false
    }
  ]
}
2025-09-15 20:10:47 [ERROR]: Error: write EPIPE
    at afterWriteDispatched (node:internal/stream_base_commons:160:15)
    at writeGeneric (node:internal/stream_base_commons:151:3)
    at Socket._writeGeneric (node:net:962:11)
    at Socket._write (node:net:974:8)
    at writeOrBuffer (node:internal/streams/writable:392:12)
    at _write (node:internal/streams/writable:333:10)
    at Writable.write (node:internal/streams/writable:337:10)
    at Console.log (/home/harshank/repos/monkey-type/backend/node_modules/winston/lib/winston/transports/console.js:87:23)
    at Console._write (/home/harshank/repos/monkey-type/backend/node_modules/winston-transport/modern.js:82:19)
    at doWrite (/home/harshank/repos/monkey-type/backend/node_modules/winston-transport/node_modules/readable-stream/lib/_stream_writable.js:390:139)
